<?xml version="1.0" encoding="UTF-8"?>
<!-- Generated by org.testng.reporters.JUnitReportReporter -->
<testsuite hostname="DESKTOP-RI9GKG4" failures="0" tests="18" name="mem.qa.testScripts.MemProductLandingPageTest" time="82.793" errors="1" timestamp="2024-03-15T18:03:16 IST" skipped="0">
  <testcase classname="mem.qa.testScripts.MemProductLandingPageTest" name="check_Page_Title_Test" time="6.845"/>
  <system-out/>
  <testcase classname="mem.qa.testScripts.MemProductLandingPageTest" name="check_Active_Product_Test" time="2.074"/>
  <system-out/>
  <testcase classname="mem.qa.testScripts.MemProductLandingPageTest" name="check_Active_Product_Filter_Test" time="0.573"/>
  <system-out/>
  <testcase classname="mem.qa.testScripts.MemProductLandingPageTest" name="check_Filter_25_To_50_Test" time="0.938"/>
  <system-out/>
  <testcase classname="mem.qa.testScripts.MemProductLandingPageTest" name="check_Active_Product_Sort_Test" time="0.638"/>
  <system-out/>
  <testcase classname="mem.qa.testScripts.MemProductLandingPageTest" name="check_Sort_Low_To_High_Test" time="7.103"/>
  <system-out/>
  <testcase classname="mem.qa.testScripts.MemProductLandingPageTest" name="check_sort_High_to_Low_Test" time="6.874"/>
  <system-out/>
  <testcase classname="mem.qa.testScripts.MemProductLandingPageTest" name="check_Draft_Product_SortAtoZ_Test" time="6.860"/>
  <system-out/>
  <testcase classname="mem.qa.testScripts.MemProductLandingPageTest" name="check_Draft_Product_SortZtoA_Test" time="6.759"/>
  <system-out/>
  <testcase classname="mem.qa.testScripts.MemProductLandingPageTest" name="check_Draft_Tag_Visibility_Test" time="0.064"/>
  <system-out/>
  <testcase classname="mem.qa.testScripts.MemProductLandingPageTest" name="check_Costom_filter_Test" time="1.381"/>
  <system-out/>
  <testcase classname="mem.qa.testScripts.MemProductLandingPageTest" name="check_Error_Product_Test" time="0.224"/>
  <system-out/>
  <testcase classname="mem.qa.testScripts.MemProductLandingPageTest" name="check_Best_Seller_Product_Test" time="0.437"/>
  <system-out/>
  <testcase classname="mem.qa.testScripts.MemProductLandingPageTest" name="check_Search_Product_Test" time="1.467"/>
  <system-out/>
  <testcase classname="mem.qa.testScripts.MemProductLandingPageTest" name="check_Search_Draft_Product_Test" time="28.640">
    <error message="no such element: Unable to locate element: {&quot;method&quot;:&quot;xpath&quot;,&quot;selector&quot;:&quot;(//div[@class=&#039;product-card-title ant-flex css-p897kf&#039;])[1]&quot;}
  (Session info: chrome=122.0.6261.129)
For documentation on this error, please visit: https://www.seleniumhq.org/exceptions/no_such_element.html
Build info: version: &#039;3.141.59&#039;, revision: &#039;e82be7d358&#039;, time: &#039;2018-11-14T08:17:03&#039;
System info: host: &#039;DESKTOP-RI9GKG4&#039;, ip: &#039;192.168.1.38&#039;, os.name: &#039;Windows 10&#039;, os.arch: &#039;amd64&#039;, os.version: &#039;10.0&#039;, java.version: &#039;21.0.1&#039;
Driver info: org.openqa.selenium.chrome.ChromeDriver
Capabilities {acceptInsecureCerts: false, browserName: chrome, browserVersion: 122.0.6261.129, chrome: {chromedriverVersion: 122.0.6261.69 (81bc525b6a36..., userDataDir: C:\Users\LUCENT~1\AppData\L...}, fedcm:accounts: true, goog:chromeOptions: {debuggerAddress: localhost:56481}, javascriptEnabled: true, networkConnectionEnabled: false, pageLoadStrategy: normal, platform: WINDOWS, platformName: WINDOWS, proxy: Proxy(), setWindowRect: true, strictFileInteractability: false, timeouts: {implicit: 0, pageLoad: 300000, script: 30000}, unhandledPromptBehavior: dismiss and notify, webauthn:extension:credBlob: true, webauthn:extension:largeBlob: true, webauthn:extension:minPinLength: true, webauthn:extension:prf: true, webauthn:virtualAuthenticators: true}
Session ID: 3493a22749212bb3ea0505e1ef82d97e
*** Element info: {Using=xpath, value=(//div[@class=&#039;product-card-title ant-flex css-p897kf&#039;])[1]}" type="org.openqa.selenium.NoSuchElementException">
      <![CDATA[org.openqa.selenium.NoSuchElementException: no such element: Unable to locate element: {"method":"xpath","selector":"(//div[@class='product-card-title ant-flex css-p897kf'])[1]"}
  (Session info: chrome=122.0.6261.129)
For documentation on this error, please visit: https://www.seleniumhq.org/exceptions/no_such_element.html
Build info: version: '3.141.59', revision: 'e82be7d358', time: '2018-11-14T08:17:03'
System info: host: 'DESKTOP-RI9GKG4', ip: '192.168.1.38', os.name: 'Windows 10', os.arch: 'amd64', os.version: '10.0', java.version: '21.0.1'
Driver info: org.openqa.selenium.chrome.ChromeDriver
Capabilities {acceptInsecureCerts: false, browserName: chrome, browserVersion: 122.0.6261.129, chrome: {chromedriverVersion: 122.0.6261.69 (81bc525b6a36..., userDataDir: C:\Users\LUCENT~1\AppData\L...}, fedcm:accounts: true, goog:chromeOptions: {debuggerAddress: localhost:56481}, javascriptEnabled: true, networkConnectionEnabled: false, pageLoadStrategy: normal, platform: WINDOWS, platformName: WINDOWS, proxy: Proxy(), setWindowRect: true, strictFileInteractability: false, timeouts: {implicit: 0, pageLoad: 300000, script: 30000}, unhandledPromptBehavior: dismiss and notify, webauthn:extension:credBlob: true, webauthn:extension:largeBlob: true, webauthn:extension:minPinLength: true, webauthn:extension:prf: true, webauthn:virtualAuthenticators: true}
Session ID: 3493a22749212bb3ea0505e1ef82d97e
*** Element info: {Using=xpath, value=(//div[@class='product-card-title ant-flex css-p897kf'])[1]}
at java.base/jdk.internal.reflect.DirectConstructorHandleAccessor.newInstance(DirectConstructorHandleAccessor.java:62)
at java.base/java.lang.reflect.Constructor.newInstanceWithCaller(Constructor.java:502)
at java.base/java.lang.reflect.Constructor.newInstance(Constructor.java:486)
at org.openqa.selenium.remote.http.W3CHttpResponseCodec.createException(W3CHttpResponseCodec.java:187)
at org.openqa.selenium.remote.http.W3CHttpResponseCodec.decode(W3CHttpResponseCodec.java:122)
at org.openqa.selenium.remote.http.W3CHttpResponseCodec.decode(W3CHttpResponseCodec.java:49)
at org.openqa.selenium.remote.HttpCommandExecutor.execute(HttpCommandExecutor.java:158)
at org.openqa.selenium.remote.service.DriverCommandExecutor.execute(DriverCommandExecutor.java:83)
at org.openqa.selenium.remote.RemoteWebDriver.execute(RemoteWebDriver.java:552)
at org.openqa.selenium.remote.RemoteWebDriver.findElement(RemoteWebDriver.java:323)
at org.openqa.selenium.remote.RemoteWebDriver.findElementByXPath(RemoteWebDriver.java:428)
at org.openqa.selenium.By$ByXPath.findElement(By.java:353)
at org.openqa.selenium.remote.RemoteWebDriver.findElement(RemoteWebDriver.java:315)
at java.base/jdk.internal.reflect.DirectMethodHandleAccessor.invoke(DirectMethodHandleAccessor.java:103)
at java.base/java.lang.reflect.Method.invoke(Method.java:580)
at org.openqa.selenium.support.events.EventFiringWebDriver.lambda$new$1(EventFiringWebDriver.java:105)
at jdk.proxy2/jdk.proxy2.$Proxy11.findElement(Unknown Source)
at org.openqa.selenium.support.events.EventFiringWebDriver.findElement(EventFiringWebDriver.java:194)
at org.openqa.selenium.support.pagefactory.DefaultElementLocator.findElement(DefaultElementLocator.java:69)
at org.openqa.selenium.support.pagefactory.internal.LocatingElementHandler.invoke(LocatingElementHandler.java:38)
at jdk.proxy2/jdk.proxy2.$Proxy15.getText(Unknown Source)
at mem.qa.pages.Product_Landing_Page.check_search_draft_product(Product_Landing_Page.java:223)
at mem.qa.testScripts.MemProductLandingPageTest.check_Search_Draft_Product_Test(MemProductLandingPageTest.java:121)
at java.base/jdk.internal.reflect.DirectMethodHandleAccessor.invoke(DirectMethodHandleAccessor.java:103)
at java.base/java.lang.reflect.Method.invoke(Method.java:580)
at org.testng.internal.MethodInvocationHelper.invokeMethod(MethodInvocationHelper.java:133)
at org.testng.internal.TestInvoker.invokeMethod(TestInvoker.java:598)
at org.testng.internal.TestInvoker.invokeTestMethod(TestInvoker.java:173)
at org.testng.internal.MethodRunner.runInSequence(MethodRunner.java:46)
at org.testng.internal.TestInvoker$MethodInvocationAgent.invoke(TestInvoker.java:824)
at org.testng.internal.TestInvoker.invokeTestMethods(TestInvoker.java:146)
at org.testng.internal.TestMethodWorker.invokeTestMethods(TestMethodWorker.java:146)
at org.testng.internal.TestMethodWorker.run(TestMethodWorker.java:128)
at java.base/java.util.ArrayList.forEach(ArrayList.java:1596)
at org.testng.TestRunner.privateRun(TestRunner.java:794)
at org.testng.TestRunner.run(TestRunner.java:596)
at org.testng.SuiteRunner.runTest(SuiteRunner.java:377)
at org.testng.SuiteRunner.runSequentially(SuiteRunner.java:371)
at org.testng.SuiteRunner.privateRun(SuiteRunner.java:332)
at org.testng.SuiteRunner.run(SuiteRunner.java:276)
at org.testng.SuiteRunnerWorker.runSuite(SuiteRunnerWorker.java:53)
at org.testng.SuiteRunnerWorker.run(SuiteRunnerWorker.java:96)
at org.testng.TestNG.runSuitesSequentially(TestNG.java:1212)
at org.testng.TestNG.runSuitesLocally(TestNG.java:1134)
at org.testng.TestNG.runSuites(TestNG.java:1063)
at org.testng.TestNG.run(TestNG.java:1031)
at org.testng.remote.AbstractRemoteTestNG.run(AbstractRemoteTestNG.java:115)
at org.testng.remote.RemoteTestNG.initAndRun(RemoteTestNG.java:251)
at org.testng.remote.RemoteTestNG.main(RemoteTestNG.java:77)
]]>
    </error>
  </testcase> <!-- check_Search_Draft_Product_Test -->
  <system-out/>
  <testcase classname="mem.qa.testScripts.MemProductLandingPageTest" name="check_Pagination_Test" time="5.679"/>
  <system-out/>
  <testcase classname="mem.qa.testScripts.MemProductLandingPageTest" name="check_Sort_Filter_Product_Test" time="6.189"/>
  <system-out/>
  <testcase classname="mem.qa.testScripts.MemProductLandingPageTest" name="check_Filter_Price_Test" time="0.048"/>
  <system-out/>
</testsuite> <!-- mem.qa.testScripts.MemProductLandingPageTest -->
