<?xml version="1.0" encoding="UTF-8"?>
<!-- Generated by org.testng.reporters.JUnitReportReporter -->
<testsuite hostname="DESKTOP-RI9GKG4" failures="0" tests="29" name="mem.qa.testScripts.MemDashboardPageTest" time="32.988" errors="1" timestamp="2024-03-11T18:38:47 IST" skipped="0">
  <testcase classname="mem.qa.testScripts.MemDashboardPageTest" name="checkPageTitle" time="5.604"/>
  <system-out/>
  <testcase classname="mem.qa.testScripts.MemDashboardPageTest" name="checkSalesChartHeader" time="1.203"/>
  <system-out/>
  <testcase classname="mem.qa.testScripts.MemDashboardPageTest" name="checkPageHeadingTest" time="0.043"/>
  <system-out/>
  <testcase classname="mem.qa.testScripts.MemDashboardPageTest" name="checkbrandlogoTest" time="0.064"/>
  <system-out/>
  <testcase classname="mem.qa.testScripts.MemDashboardPageTest" name="checkProfileNameTest" time="1.192"/>
  <system-out/>
  <testcase classname="mem.qa.testScripts.MemDashboardPageTest" name="checkTotalRevenueTest" time="0.041"/>
  <system-out/>
  <testcase classname="mem.qa.testScripts.MemDashboardPageTest" name="checkProfitLogoTest" time="0.081"/>
  <system-out/>
  <testcase classname="mem.qa.testScripts.MemDashboardPageTest" name="checkTotalProfitTest" time="0.040"/>
  <system-out/>
  <testcase classname="mem.qa.testScripts.MemDashboardPageTest" name="checkProfitLogo" time="0.060"/>
  <system-out/>
  <testcase classname="mem.qa.testScripts.MemDashboardPageTest" name="checkTotalOrderTest" time="0.046"/>
  <system-out/>
  <testcase classname="mem.qa.testScripts.MemDashboardPageTest" name="checkOrderLogoTest" time="0.061"/>
  <system-out/>
  <testcase classname="mem.qa.testScripts.MemDashboardPageTest" name="checkImportedProductTest" time="0.044"/>
  <system-out/>
  <testcase classname="mem.qa.testScripts.MemDashboardPageTest" name="checkImportedProductLogo" time="0.061"/>
  <system-out/>
  <testcase classname="mem.qa.testScripts.MemDashboardPageTest" name="checkHomeButtonTest" time="0.063"/>
  <system-out/>
  <testcase classname="mem.qa.testScripts.MemDashboardPageTest" name="checkProductBtnTest" time="0.060"/>
  <system-out/>
  <testcase classname="mem.qa.testScripts.MemDashboardPageTest" name="checkOrdersBtnTest" time="0.043"/>
  <system-out/>
  <testcase classname="mem.qa.testScripts.MemDashboardPageTest" name="checkDateValidationTest" time="1.243"/>
  <system-out/>
  <testcase classname="mem.qa.testScripts.MemDashboardPageTest" name="checkProfitDataValidationTest" time="0.354"/>
  <system-out/>
  <testcase classname="mem.qa.testScripts.MemDashboardPageTest" name="checkRevenueDataValidationTest" time="0.047"/>
  <system-out/>
  <testcase classname="mem.qa.testScripts.MemDashboardPageTest" name="checkOrdersDataValidationTest" time="0.040"/>
  <system-out/>
  <testcase classname="mem.qa.testScripts.MemDashboardPageTest" name="checkImportprodDataValidationTest" time="0.036"/>
  <system-out/>
  <testcase classname="mem.qa.testScripts.MemDashboardPageTest" name="checkTopProductListValidationTest" time="20.073">
    <error message="no such element: Unable to locate element: {&quot;method&quot;:&quot;xpath&quot;,&quot;selector&quot;:&quot;//span[text()=&#039;Anchor Family Name - Steel Sign&#039;]&quot;}
  (Session info: chrome=122.0.6261.112)
For documentation on this error, please visit: https://www.seleniumhq.org/exceptions/no_such_element.html
Build info: version: &#039;3.141.59&#039;, revision: &#039;e82be7d358&#039;, time: &#039;2018-11-14T08:17:03&#039;
System info: host: &#039;DESKTOP-RI9GKG4&#039;, ip: &#039;192.168.1.125&#039;, os.name: &#039;Windows 10&#039;, os.arch: &#039;amd64&#039;, os.version: &#039;10.0&#039;, java.version: &#039;21.0.1&#039;
Driver info: org.openqa.selenium.chrome.ChromeDriver
Capabilities {acceptInsecureCerts: false, browserName: chrome, browserVersion: 122.0.6261.112, chrome: {chromedriverVersion: 122.0.6261.69 (81bc525b6a36..., userDataDir: C:\Users\LUCENT~1\AppData\L...}, fedcm:accounts: true, goog:chromeOptions: {debuggerAddress: localhost:58781}, javascriptEnabled: true, networkConnectionEnabled: false, pageLoadStrategy: normal, platform: WINDOWS, platformName: WINDOWS, proxy: Proxy(), setWindowRect: true, strictFileInteractability: false, timeouts: {implicit: 0, pageLoad: 300000, script: 30000}, unhandledPromptBehavior: dismiss and notify, webauthn:extension:credBlob: true, webauthn:extension:largeBlob: true, webauthn:extension:minPinLength: true, webauthn:extension:prf: true, webauthn:virtualAuthenticators: true}
Session ID: 37cff5ddd665d41d05b2a341d5ac7098
*** Element info: {Using=xpath, value=//span[text()=&#039;Anchor Family Name - Steel Sign&#039;]}" type="org.openqa.selenium.NoSuchElementException">
      <![CDATA[org.openqa.selenium.NoSuchElementException: no such element: Unable to locate element: {"method":"xpath","selector":"//span[text()='Anchor Family Name - Steel Sign']"}
  (Session info: chrome=122.0.6261.112)
For documentation on this error, please visit: https://www.seleniumhq.org/exceptions/no_such_element.html
Build info: version: '3.141.59', revision: 'e82be7d358', time: '2018-11-14T08:17:03'
System info: host: 'DESKTOP-RI9GKG4', ip: '192.168.1.125', os.name: 'Windows 10', os.arch: 'amd64', os.version: '10.0', java.version: '21.0.1'
Driver info: org.openqa.selenium.chrome.ChromeDriver
Capabilities {acceptInsecureCerts: false, browserName: chrome, browserVersion: 122.0.6261.112, chrome: {chromedriverVersion: 122.0.6261.69 (81bc525b6a36..., userDataDir: C:\Users\LUCENT~1\AppData\L...}, fedcm:accounts: true, goog:chromeOptions: {debuggerAddress: localhost:58781}, javascriptEnabled: true, networkConnectionEnabled: false, pageLoadStrategy: normal, platform: WINDOWS, platformName: WINDOWS, proxy: Proxy(), setWindowRect: true, strictFileInteractability: false, timeouts: {implicit: 0, pageLoad: 300000, script: 30000}, unhandledPromptBehavior: dismiss and notify, webauthn:extension:credBlob: true, webauthn:extension:largeBlob: true, webauthn:extension:minPinLength: true, webauthn:extension:prf: true, webauthn:virtualAuthenticators: true}
Session ID: 37cff5ddd665d41d05b2a341d5ac7098
*** Element info: {Using=xpath, value=//span[text()='Anchor Family Name - Steel Sign']}
at java.base/jdk.internal.reflect.DirectConstructorHandleAccessor.newInstance(DirectConstructorHandleAccessor.java:62)
at java.base/java.lang.reflect.Constructor.newInstanceWithCaller(Constructor.java:502)
at java.base/java.lang.reflect.Constructor.newInstance(Constructor.java:486)
at org.openqa.selenium.remote.http.W3CHttpResponseCodec.createException(W3CHttpResponseCodec.java:187)
at org.openqa.selenium.remote.http.W3CHttpResponseCodec.decode(W3CHttpResponseCodec.java:122)
at org.openqa.selenium.remote.http.W3CHttpResponseCodec.decode(W3CHttpResponseCodec.java:49)
at org.openqa.selenium.remote.HttpCommandExecutor.execute(HttpCommandExecutor.java:158)
at org.openqa.selenium.remote.service.DriverCommandExecutor.execute(DriverCommandExecutor.java:83)
at org.openqa.selenium.remote.RemoteWebDriver.execute(RemoteWebDriver.java:552)
at org.openqa.selenium.remote.RemoteWebDriver.findElement(RemoteWebDriver.java:323)
at org.openqa.selenium.remote.RemoteWebDriver.findElementByXPath(RemoteWebDriver.java:428)
at org.openqa.selenium.By$ByXPath.findElement(By.java:353)
at org.openqa.selenium.remote.RemoteWebDriver.findElement(RemoteWebDriver.java:315)
at java.base/jdk.internal.reflect.DirectMethodHandleAccessor.invoke(DirectMethodHandleAccessor.java:103)
at java.base/java.lang.reflect.Method.invoke(Method.java:580)
at org.openqa.selenium.support.events.EventFiringWebDriver.lambda$new$1(EventFiringWebDriver.java:105)
at jdk.proxy2/jdk.proxy2.$Proxy11.findElement(Unknown Source)
at org.openqa.selenium.support.events.EventFiringWebDriver.findElement(EventFiringWebDriver.java:194)
at org.openqa.selenium.support.pagefactory.DefaultElementLocator.findElement(DefaultElementLocator.java:69)
at org.openqa.selenium.support.pagefactory.internal.LocatingElementHandler.invoke(LocatingElementHandler.java:38)
at jdk.proxy2/jdk.proxy2.$Proxy15.getText(Unknown Source)
at mem.qa.pages.MemDashboardPage.checktopproductlist(MemDashboardPage.java:167)
at mem.qa.testScripts.MemDashboardPageTest.checkTopProductListValidationTest(MemDashboardPageTest.java:154)
at java.base/jdk.internal.reflect.DirectMethodHandleAccessor.invoke(DirectMethodHandleAccessor.java:103)
at java.base/java.lang.reflect.Method.invoke(Method.java:580)
at org.testng.internal.MethodInvocationHelper.invokeMethod(MethodInvocationHelper.java:133)
at org.testng.internal.TestInvoker.invokeMethod(TestInvoker.java:598)
at org.testng.internal.TestInvoker.invokeTestMethod(TestInvoker.java:173)
at org.testng.internal.MethodRunner.runInSequence(MethodRunner.java:46)
at org.testng.internal.TestInvoker$MethodInvocationAgent.invoke(TestInvoker.java:824)
at org.testng.internal.TestInvoker.invokeTestMethods(TestInvoker.java:146)
at org.testng.internal.TestMethodWorker.invokeTestMethods(TestMethodWorker.java:146)
at org.testng.internal.TestMethodWorker.run(TestMethodWorker.java:128)
at java.base/java.util.ArrayList.forEach(ArrayList.java:1596)
at org.testng.TestRunner.privateRun(TestRunner.java:794)
at org.testng.TestRunner.run(TestRunner.java:596)
at org.testng.SuiteRunner.runTest(SuiteRunner.java:377)
at org.testng.SuiteRunner.runSequentially(SuiteRunner.java:371)
at org.testng.SuiteRunner.privateRun(SuiteRunner.java:332)
at org.testng.SuiteRunner.run(SuiteRunner.java:276)
at org.testng.SuiteRunnerWorker.runSuite(SuiteRunnerWorker.java:53)
at org.testng.SuiteRunnerWorker.run(SuiteRunnerWorker.java:96)
at org.testng.TestNG.runSuitesSequentially(TestNG.java:1212)
at org.testng.TestNG.runSuitesLocally(TestNG.java:1134)
at org.testng.TestNG.runSuites(TestNG.java:1063)
at org.testng.TestNG.run(TestNG.java:1031)
at org.testng.remote.AbstractRemoteTestNG.run(AbstractRemoteTestNG.java:115)
at org.testng.remote.RemoteTestNG.initAndRun(RemoteTestNG.java:251)
at org.testng.remote.RemoteTestNG.main(RemoteTestNG.java:77)
]]>
    </error>
  </testcase> <!-- checkTopProductListValidationTest -->
  <system-out/>
  <testcase classname="mem.qa.testScripts.MemDashboardPageTest" name="checkSalesReportTest" time="0.044"/>
  <system-out/>
  <testcase classname="mem.qa.testScripts.MemDashboardPageTest" name="checkRevenuePercentageTest" time="0.037"/>
  <system-out/>
  <testcase classname="mem.qa.testScripts.MemDashboardPageTest" name="checkProfitPercentageTest" time="0.031"/>
  <system-out/>
  <testcase classname="mem.qa.testScripts.MemDashboardPageTest" name="checkOrderPercentageTest" time="0.029"/>
  <system-out/>
  <testcase classname="mem.qa.testScripts.MemDashboardPageTest" name="checkImpProductPercentageTest" time="0.033"/>
  <system-out/>
  <testcase classname="mem.qa.testScripts.MemDashboardPageTest" name="checkProfitReportTest" time="1.167"/>
  <system-out/>
  <testcase classname="mem.qa.testScripts.MemDashboardPageTest" name="checkProfitChartHeader" time="1.148"/>
  <system-out/>
</testsuite> <!-- mem.qa.testScripts.MemDashboardPageTest -->
