<?xml version="1.0" encoding="UTF-8"?>
<!-- Generated by org.testng.reporters.JUnitXMLReporter -->
<testsuite ignored="0" hostname="DESKTOP-RI9GKG4" failures="3" tests="51" name="MEMTest" time="114.173" errors="0" timestamp="2024-03-11T18:38:46 IST">
  <testcase classname="mem.qa.testScripts.LoginPage1Test" name="checkTitleTest" time="0.042"/>
  <testcase classname="mem.qa.testScripts.LoginPage1Test" name="checkLoginTest" time="10.751"/>
  <testcase classname="mem.qa.testScripts.LoginPage1Test" name="checkselectStore" time="10.972"/>
  <testcase classname="mem.qa.testScripts.MemDashboardPageTest" name="checkPageTitle" time="5.401"/>
  <testcase classname="mem.qa.testScripts.MemDashboardPageTest" name="checkSalesChartHeader" time="1.202"/>
  <testcase classname="mem.qa.testScripts.MemDashboardPageTest" name="checkPageHeadingTest" time="0.042"/>
  <testcase classname="mem.qa.testScripts.MemDashboardPageTest" name="checkbrandlogoTest" time="0.064"/>
  <testcase classname="mem.qa.testScripts.MemDashboardPageTest" name="checkProfileNameTest" time="1.192"/>
  <testcase classname="mem.qa.testScripts.MemDashboardPageTest" name="checkTotalRevenueTest" time="0.041"/>
  <testcase classname="mem.qa.testScripts.MemDashboardPageTest" name="checkProfitLogoTest" time="0.081"/>
  <testcase classname="mem.qa.testScripts.MemDashboardPageTest" name="checkTotalProfitTest" time="0.04"/>
  <testcase classname="mem.qa.testScripts.MemDashboardPageTest" name="checkProfitLogo" time="0.06"/>
  <testcase classname="mem.qa.testScripts.MemDashboardPageTest" name="checkTotalOrderTest" time="0.045"/>
  <testcase classname="mem.qa.testScripts.MemDashboardPageTest" name="checkOrderLogoTest" time="0.061"/>
  <testcase classname="mem.qa.testScripts.MemDashboardPageTest" name="checkImportedProductTest" time="0.044"/>
  <testcase classname="mem.qa.testScripts.MemDashboardPageTest" name="checkImportedProductLogo" time="0.061"/>
  <testcase classname="mem.qa.testScripts.MemDashboardPageTest" name="checkHomeButtonTest" time="0.063"/>
  <testcase classname="mem.qa.testScripts.MemDashboardPageTest" name="checkProductBtnTest" time="0.06"/>
  <testcase classname="mem.qa.testScripts.MemDashboardPageTest" name="checkOrdersBtnTest" time="0.042"/>
  <testcase classname="mem.qa.testScripts.MemDashboardPageTest" name="checkDateValidationTest" time="1.242"/>
  <testcase classname="mem.qa.testScripts.MemDashboardPageTest" name="checkProfitDataValidationTest" time="0.353"/>
  <testcase classname="mem.qa.testScripts.MemDashboardPageTest" name="checkRevenueDataValidationTest" time="0.046"/>
  <testcase classname="mem.qa.testScripts.MemDashboardPageTest" name="checkOrdersDataValidationTest" time="0.04"/>
  <testcase classname="mem.qa.testScripts.MemDashboardPageTest" name="checkImportprodDataValidationTest" time="0.036"/>
  <testcase classname="mem.qa.testScripts.MemDashboardPageTest" name="checkTopProductListValidationTest" time="20.073">
    <failure type="org.openqa.selenium.NoSuchElementException" message="no such element: Unable to locate element: {&amp;quot;method&amp;quot;:&amp;quot;xpath&amp;quot;,&amp;quot;selector&amp;quot;:&amp;quot;//span[text()=&amp;apos;Anchor Family Name - Steel Sign&amp;apos;]&amp;quot;}
  (Session info: chrome=122.0.6261.112)
For documentation on this error, please visit: https://www.seleniumhq.org/exceptions/no_such_element.html
Build info: version: &amp;apos;3.141.59&amp;apos;, revision: &amp;apos;e82be7d358&amp;apos;, time: &amp;apos;2018-11-14T08:17:03&amp;apos;
System info: host: &amp;apos;DESKTOP-RI9GKG4&amp;apos;, ip: &amp;apos;192.168.1.125&amp;apos;, os.name: &amp;apos;Windows 10&amp;apos;, os.arch: &amp;apos;amd64&amp;apos;, os.version: &amp;apos;10.0&amp;apos;, java.version: &amp;apos;21.0.1&amp;apos;
Driver info: org.openqa.selenium.chrome.ChromeDriver
Capabilities {acceptInsecureCerts: false, browserName: chrome, browserVersion: 122.0.6261.112, chrome: {chromedriverVersion: 122.0.6261.69 (81bc525b6a36..., userDataDir: C:\Users\LUCENT~1\AppData\L...}, fedcm:accounts: true, goog:chromeOptions: {debuggerAddress: localhost:58781}, javascriptEnabled: true, networkConnectionEnabled: false, pageLoadStrategy: normal, platform: WINDOWS, platformName: WINDOWS, proxy: Proxy(), setWindowRect: true, strictFileInteractability: false, timeouts: {implicit: 0, pageLoad: 300000, script: 30000}, unhandledPromptBehavior: dismiss and notify, webauthn:extension:credBlob: true, webauthn:extension:largeBlob: true, webauthn:extension:minPinLength: true, webauthn:extension:prf: true, webauthn:virtualAuthenticators: true}
Session ID: 37cff5ddd665d41d05b2a341d5ac7098
*** Element info: {Using=xpath, value=//span[text()=&amp;apos;Anchor Family Name - Steel Sign&amp;apos;]}">
      <![CDATA[org.openqa.selenium.NoSuchElementException: no such element: Unable to locate element: {"method":"xpath","selector":"//span[text()='Anchor Family Name - Steel Sign']"}
  (Session info: chrome=122.0.6261.112)
For documentation on this error, please visit: https://www.seleniumhq.org/exceptions/no_such_element.html
Build info: version: '3.141.59', revision: 'e82be7d358', time: '2018-11-14T08:17:03'
System info: host: 'DESKTOP-RI9GKG4', ip: '192.168.1.125', os.name: 'Windows 10', os.arch: 'amd64', os.version: '10.0', java.version: '21.0.1'
Driver info: org.openqa.selenium.chrome.ChromeDriver
Capabilities {acceptInsecureCerts: false, browserName: chrome, browserVersion: 122.0.6261.112, chrome: {chromedriverVersion: 122.0.6261.69 (81bc525b6a36..., userDataDir: C:\Users\LUCENT~1\AppData\L...}, fedcm:accounts: true, goog:chromeOptions: {debuggerAddress: localhost:58781}, javascriptEnabled: true, networkConnectionEnabled: false, pageLoadStrategy: normal, platform: WINDOWS, platformName: WINDOWS, proxy: Proxy(), setWindowRect: true, strictFileInteractability: false, timeouts: {implicit: 0, pageLoad: 300000, script: 30000}, unhandledPromptBehavior: dismiss and notify, webauthn:extension:credBlob: true, webauthn:extension:largeBlob: true, webauthn:extension:minPinLength: true, webauthn:extension:prf: true, webauthn:virtualAuthenticators: true}
Session ID: 37cff5ddd665d41d05b2a341d5ac7098
*** Element info: {Using=xpath, value=//span[text()='Anchor Family Name - Steel Sign']}
at org.openqa.selenium.remote.http.W3CHttpResponseCodec.createException(W3CHttpResponseCodec.java:187)
at org.openqa.selenium.remote.http.W3CHttpResponseCodec.decode(W3CHttpResponseCodec.java:122)
at org.openqa.selenium.remote.http.W3CHttpResponseCodec.decode(W3CHttpResponseCodec.java:49)
at org.openqa.selenium.remote.HttpCommandExecutor.execute(HttpCommandExecutor.java:158)
at org.openqa.selenium.remote.service.DriverCommandExecutor.execute(DriverCommandExecutor.java:83)
at org.openqa.selenium.remote.RemoteWebDriver.execute(RemoteWebDriver.java:552)
at org.openqa.selenium.remote.RemoteWebDriver.findElement(RemoteWebDriver.java:323)
at org.openqa.selenium.remote.RemoteWebDriver.findElementByXPath(RemoteWebDriver.java:428)
at org.openqa.selenium.By$ByXPath.findElement(By.java:353)
at org.openqa.selenium.remote.RemoteWebDriver.findElement(RemoteWebDriver.java:315)
at org.openqa.selenium.support.events.EventFiringWebDriver.lambda$new$1(EventFiringWebDriver.java:105)
at jdk.proxy2/jdk.proxy2.$Proxy11.findElement(Unknown Source)
at org.openqa.selenium.support.events.EventFiringWebDriver.findElement(EventFiringWebDriver.java:194)
at org.openqa.selenium.support.pagefactory.DefaultElementLocator.findElement(DefaultElementLocator.java:69)
at org.openqa.selenium.support.pagefactory.internal.LocatingElementHandler.invoke(LocatingElementHandler.java:38)
at jdk.proxy2/jdk.proxy2.$Proxy15.getText(Unknown Source)
at mem.qa.pages.MemDashboardPage.checktopproductlist(MemDashboardPage.java:167)
at mem.qa.testScripts.MemDashboardPageTest.checkTopProductListValidationTest(MemDashboardPageTest.java:154)
at java.base/java.util.ArrayList.forEach(ArrayList.java:1596)
... Removed 30 stack frames]]>
    </failure>
  </testcase> <!-- checkTopProductListValidationTest -->
  <testcase classname="mem.qa.testScripts.MemDashboardPageTest" name="checkSalesReportTest" time="0.044"/>
  <testcase classname="mem.qa.testScripts.MemDashboardPageTest" name="checkRevenuePercentageTest" time="0.036"/>
  <testcase classname="mem.qa.testScripts.MemDashboardPageTest" name="checkProfitPercentageTest" time="0.03"/>
  <testcase classname="mem.qa.testScripts.MemDashboardPageTest" name="checkOrderPercentageTest" time="0.029"/>
  <testcase classname="mem.qa.testScripts.MemDashboardPageTest" name="checkImpProductPercentageTest" time="0.033"/>
  <testcase classname="mem.qa.testScripts.MemDashboardPageTest" name="checkProfitReportTest" time="1.167"/>
  <testcase classname="mem.qa.testScripts.MemDashboardPageTest" name="checkProfitChartHeader" time="1.148"/>
  <testcase classname="mem.qa.testScripts.MemSettingPageTest" name="checkPageTitleTest" time="0.343"/>
  <testcase classname="mem.qa.testScripts.MemSettingPageTest" name="checkPageHeadingTest" time="0.175"/>
  <testcase classname="mem.qa.testScripts.MemSettingPageTest" name="checkShopNameTest" time="0.059"/>
  <testcase classname="mem.qa.testScripts.MemSettingPageTest" name="checkShopURLTest" time="0.059"/>
  <testcase classname="mem.qa.testScripts.MemSettingPageTest" name="checkShopEmailTest" time="0.044"/>
  <testcase classname="mem.qa.testScripts.MemSettingPageTest" name="checkShopifyPlanTest" time="0.046"/>
  <testcase classname="mem.qa.testScripts.MemSettingPageTest" name="checkSignOutBtnTest" time="0.049"/>
  <testcase classname="mem.qa.testScripts.MemSettingPageTest" name="checkTitleGlobalPricinTest" time="0.216"/>
  <testcase classname="mem.qa.testScripts.MemSettingPageTest" name="checkInvalidInputTest" time="1.108"/>
  <testcase classname="mem.qa.testScripts.MemSettingPageTest" name="checkBlankInputTest" time="2.748"/>
  <testcase classname="mem.qa.testScripts.MemSettingPageTest" name="checkCompMarkupInvalidInput" time="0.672"/>
  <testcase classname="mem.qa.testScripts.MemSettingPageTest" name="checkCompMarkupBlankInput" time="2.8"/>
  <testcase classname="mem.qa.testScripts.MemSettingPageTest" name="checkAssingCentInputTest" time="2.264"/>
  <testcase classname="mem.qa.testScripts.MemSettingPageTest" name="checkSaveBtnTest" time="3.817"/>
  <testcase classname="mem.qa.testScripts.MemSettingPageTest" name="checkSaveAndUpdateTest" time="4.502"/>
  <testcase classname="mem.qa.testScripts.MemSettingPageTest" name="checkVisibilityBtnTest" time="6.051"/>
  <testcase classname="mem.qa.testScripts.MemSettingPageTest" name="checkAdvancePricingRuleTest" time="4.097">
    <failure type="org.openqa.selenium.ElementClickInterceptedException" message="element click intercepted: Element &amp;lt;span&amp;gt;...&amp;lt;/span&amp;gt; is not clickable at point (1133, 556). Other element would receive the click: &amp;lt;button type=&amp;quot;button&amp;quot; class=&amp;quot;ant-btn css-p897kf ant-btn-primary ant-btn-lg customised-card-button  &amp;quot; disabled=&amp;quot;&amp;quot;&amp;gt;...&amp;lt;/button&amp;gt;
  (Session info: chrome=122.0.6261.112)
Build info: version: &amp;apos;3.141.59&amp;apos;, revision: &amp;apos;e82be7d358&amp;apos;, time: &amp;apos;2018-11-14T08:17:03&amp;apos;
System info: host: &amp;apos;DESKTOP-RI9GKG4&amp;apos;, ip: &amp;apos;192.168.1.125&amp;apos;, os.name: &amp;apos;Windows 10&amp;apos;, os.arch: &amp;apos;amd64&amp;apos;, os.version: &amp;apos;10.0&amp;apos;, java.version: &amp;apos;21.0.1&amp;apos;
Driver info: org.openqa.selenium.chrome.ChromeDriver
Capabilities {acceptInsecureCerts: false, browserName: chrome, browserVersion: 122.0.6261.112, chrome: {chromedriverVersion: 122.0.6261.69 (81bc525b6a36..., userDataDir: C:\Users\LUCENT~1\AppData\L...}, fedcm:accounts: true, goog:chromeOptions: {debuggerAddress: localhost:58781}, javascriptEnabled: true, networkConnectionEnabled: false, pageLoadStrategy: normal, platform: WINDOWS, platformName: WINDOWS, proxy: Proxy(), setWindowRect: true, strictFileInteractability: false, timeouts: {implicit: 0, pageLoad: 300000, script: 30000}, unhandledPromptBehavior: dismiss and notify, webauthn:extension:credBlob: true, webauthn:extension:largeBlob: true, webauthn:extension:minPinLength: true, webauthn:extension:prf: true, webauthn:virtualAuthenticators: true}
Session ID: 37cff5ddd665d41d05b2a341d5ac7098">
      <![CDATA[org.openqa.selenium.ElementClickInterceptedException: element click intercepted: Element <span>...</span> is not clickable at point (1133, 556). Other element would receive the click: <button type="button" class="ant-btn css-p897kf ant-btn-primary ant-btn-lg customised-card-button  " disabled="">...</button>
  (Session info: chrome=122.0.6261.112)
Build info: version: '3.141.59', revision: 'e82be7d358', time: '2018-11-14T08:17:03'
System info: host: 'DESKTOP-RI9GKG4', ip: '192.168.1.125', os.name: 'Windows 10', os.arch: 'amd64', os.version: '10.0', java.version: '21.0.1'
Driver info: org.openqa.selenium.chrome.ChromeDriver
Capabilities {acceptInsecureCerts: false, browserName: chrome, browserVersion: 122.0.6261.112, chrome: {chromedriverVersion: 122.0.6261.69 (81bc525b6a36..., userDataDir: C:\Users\LUCENT~1\AppData\L...}, fedcm:accounts: true, goog:chromeOptions: {debuggerAddress: localhost:58781}, javascriptEnabled: true, networkConnectionEnabled: false, pageLoadStrategy: normal, platform: WINDOWS, platformName: WINDOWS, proxy: Proxy(), setWindowRect: true, strictFileInteractability: false, timeouts: {implicit: 0, pageLoad: 300000, script: 30000}, unhandledPromptBehavior: dismiss and notify, webauthn:extension:credBlob: true, webauthn:extension:largeBlob: true, webauthn:extension:minPinLength: true, webauthn:extension:prf: true, webauthn:virtualAuthenticators: true}
Session ID: 37cff5ddd665d41d05b2a341d5ac7098
at org.openqa.selenium.remote.http.W3CHttpResponseCodec.createException(W3CHttpResponseCodec.java:187)
at org.openqa.selenium.remote.http.W3CHttpResponseCodec.decode(W3CHttpResponseCodec.java:122)
at org.openqa.selenium.remote.http.W3CHttpResponseCodec.decode(W3CHttpResponseCodec.java:49)
at org.openqa.selenium.remote.HttpCommandExecutor.execute(HttpCommandExecutor.java:158)
at org.openqa.selenium.remote.service.DriverCommandExecutor.execute(DriverCommandExecutor.java:83)
at org.openqa.selenium.remote.RemoteWebDriver.execute(RemoteWebDriver.java:552)
at org.openqa.selenium.remote.RemoteWebElement.execute(RemoteWebElement.java:285)
at org.openqa.selenium.remote.RemoteWebElement.click(RemoteWebElement.java:84)
at org.openqa.selenium.support.events.EventFiringWebDriver$EventFiringWebElement.lambda$new$0(EventFiringWebDriver.java:404)
at jdk.proxy2/jdk.proxy2.$Proxy16.click(Unknown Source)
at org.openqa.selenium.support.events.EventFiringWebDriver$EventFiringWebElement.click(EventFiringWebDriver.java:417)
at org.openqa.selenium.support.pagefactory.internal.LocatingElementHandler.invoke(LocatingElementHandler.java:51)
at jdk.proxy2/jdk.proxy2.$Proxy15.click(Unknown Source)
at mem.qa.pages.MemSettingPage.checkadvancemarkup(MemSettingPage.java:260)
at mem.qa.testScripts.MemSettingPageTest.checkAdvancePricingRuleTest(MemSettingPageTest.java:121)
at java.base/java.util.ArrayList.forEach(ArrayList.java:1596)
... Removed 32 stack frames]]>
    </failure>
  </testcase> <!-- checkAdvancePricingRuleTest -->
  <testcase classname="mem.qa.testScripts.MemSettingPageTest" name="checkAdvSaveandUpdate" time="20.099">
    <failure type="org.openqa.selenium.NoSuchElementException" message="no such element: Unable to locate element: {&amp;quot;method&amp;quot;:&amp;quot;xpath&amp;quot;,&amp;quot;selector&amp;quot;:&amp;quot;//span[@class=&amp;apos;ant-notification-notice-close-x&amp;apos;]&amp;quot;}
  (Session info: chrome=122.0.6261.112)
For documentation on this error, please visit: https://www.seleniumhq.org/exceptions/no_such_element.html
Build info: version: &amp;apos;3.141.59&amp;apos;, revision: &amp;apos;e82be7d358&amp;apos;, time: &amp;apos;2018-11-14T08:17:03&amp;apos;
System info: host: &amp;apos;DESKTOP-RI9GKG4&amp;apos;, ip: &amp;apos;192.168.1.125&amp;apos;, os.name: &amp;apos;Windows 10&amp;apos;, os.arch: &amp;apos;amd64&amp;apos;, os.version: &amp;apos;10.0&amp;apos;, java.version: &amp;apos;21.0.1&amp;apos;
Driver info: org.openqa.selenium.chrome.ChromeDriver
Capabilities {acceptInsecureCerts: false, browserName: chrome, browserVersion: 122.0.6261.112, chrome: {chromedriverVersion: 122.0.6261.69 (81bc525b6a36..., userDataDir: C:\Users\LUCENT~1\AppData\L...}, fedcm:accounts: true, goog:chromeOptions: {debuggerAddress: localhost:58781}, javascriptEnabled: true, networkConnectionEnabled: false, pageLoadStrategy: normal, platform: WINDOWS, platformName: WINDOWS, proxy: Proxy(), setWindowRect: true, strictFileInteractability: false, timeouts: {implicit: 0, pageLoad: 300000, script: 30000}, unhandledPromptBehavior: dismiss and notify, webauthn:extension:credBlob: true, webauthn:extension:largeBlob: true, webauthn:extension:minPinLength: true, webauthn:extension:prf: true, webauthn:virtualAuthenticators: true}
Session ID: 37cff5ddd665d41d05b2a341d5ac7098
*** Element info: {Using=xpath, value=//span[@class=&amp;apos;ant-notification-notice-close-x&amp;apos;]}">
      <![CDATA[org.openqa.selenium.NoSuchElementException: no such element: Unable to locate element: {"method":"xpath","selector":"//span[@class='ant-notification-notice-close-x']"}
  (Session info: chrome=122.0.6261.112)
For documentation on this error, please visit: https://www.seleniumhq.org/exceptions/no_such_element.html
Build info: version: '3.141.59', revision: 'e82be7d358', time: '2018-11-14T08:17:03'
System info: host: 'DESKTOP-RI9GKG4', ip: '192.168.1.125', os.name: 'Windows 10', os.arch: 'amd64', os.version: '10.0', java.version: '21.0.1'
Driver info: org.openqa.selenium.chrome.ChromeDriver
Capabilities {acceptInsecureCerts: false, browserName: chrome, browserVersion: 122.0.6261.112, chrome: {chromedriverVersion: 122.0.6261.69 (81bc525b6a36..., userDataDir: C:\Users\LUCENT~1\AppData\L...}, fedcm:accounts: true, goog:chromeOptions: {debuggerAddress: localhost:58781}, javascriptEnabled: true, networkConnectionEnabled: false, pageLoadStrategy: normal, platform: WINDOWS, platformName: WINDOWS, proxy: Proxy(), setWindowRect: true, strictFileInteractability: false, timeouts: {implicit: 0, pageLoad: 300000, script: 30000}, unhandledPromptBehavior: dismiss and notify, webauthn:extension:credBlob: true, webauthn:extension:largeBlob: true, webauthn:extension:minPinLength: true, webauthn:extension:prf: true, webauthn:virtualAuthenticators: true}
Session ID: 37cff5ddd665d41d05b2a341d5ac7098
*** Element info: {Using=xpath, value=//span[@class='ant-notification-notice-close-x']}
at org.openqa.selenium.remote.http.W3CHttpResponseCodec.createException(W3CHttpResponseCodec.java:187)
at org.openqa.selenium.remote.http.W3CHttpResponseCodec.decode(W3CHttpResponseCodec.java:122)
at org.openqa.selenium.remote.http.W3CHttpResponseCodec.decode(W3CHttpResponseCodec.java:49)
at org.openqa.selenium.remote.HttpCommandExecutor.execute(HttpCommandExecutor.java:158)
at org.openqa.selenium.remote.service.DriverCommandExecutor.execute(DriverCommandExecutor.java:83)
at org.openqa.selenium.remote.RemoteWebDriver.execute(RemoteWebDriver.java:552)
at org.openqa.selenium.remote.RemoteWebDriver.findElement(RemoteWebDriver.java:323)
at org.openqa.selenium.remote.RemoteWebDriver.findElementByXPath(RemoteWebDriver.java:428)
at org.openqa.selenium.By$ByXPath.findElement(By.java:353)
at org.openqa.selenium.remote.RemoteWebDriver.findElement(RemoteWebDriver.java:315)
at org.openqa.selenium.support.events.EventFiringWebDriver.lambda$new$1(EventFiringWebDriver.java:105)
at jdk.proxy2/jdk.proxy2.$Proxy11.findElement(Unknown Source)
at org.openqa.selenium.support.events.EventFiringWebDriver.findElement(EventFiringWebDriver.java:194)
at org.openqa.selenium.support.pagefactory.DefaultElementLocator.findElement(DefaultElementLocator.java:69)
at org.openqa.selenium.support.pagefactory.internal.LocatingElementHandler.invoke(LocatingElementHandler.java:38)
at jdk.proxy2/jdk.proxy2.$Proxy15.click(Unknown Source)
at mem.qa.pages.MemSettingPage.checkadvsaveandupdate(MemSettingPage.java:267)
at mem.qa.testScripts.MemSettingPageTest.checkAdvSaveandUpdate(MemSettingPageTest.java:126)
at java.base/java.util.ArrayList.forEach(ArrayList.java:1596)
... Removed 30 stack frames]]>
    </failure>
  </testcase> <!-- checkAdvSaveandUpdate -->
  <testcase classname="mem.qa.testScripts.MemSettingPageTest" name="checkbillingPageTitleTest" time="0.811"/>
</testsuite> <!-- MEMTest -->
