<html>
<head>
<title>TestNG:  MEMTest</title>
<link href="../testng.css" rel="stylesheet" type="text/css" />
<link href="../my-testng.css" rel="stylesheet" type="text/css" />

<style type="text/css">
.log { display: none;} 
.stack-trace { display: none;} 
</style>
<script type="text/javascript">
<!--
function flip(e) {
  current = e.style.display;
  if (current == 'block') {
    e.style.display = 'none';
    return 0;
  }
  else {
    e.style.display = 'block';
    return 1;
  }
}

function toggleBox(szDivId, elem, msg1, msg2)
{
  var res = -1;  if (document.getElementById) {
    res = flip(document.getElementById(szDivId));
  }
  else if (document.all) {
    // this is the way old msie versions work
    res = flip(document.all[szDivId]);
  }
  if(elem) {
    if(res == 0) elem.innerHTML = msg1; else elem.innerHTML = msg2;
  }

}

function toggleAllBoxes() {
  if (document.getElementsByTagName) {
    d = document.getElementsByTagName('div');
    for (i = 0; i < d.length; i++) {
      if (d[i].className == 'log') {
        flip(d[i]);
      }
    }
  }
}

// -->
</script>

</head>
<body>
<h2 align='center'>MEMTest</h2><table border='1' align="center">
<tr>
<td>Tests passed/Failed/Skipped:</td><td>12/2/0</td>
</tr><tr>
<td>Started on:</td><td>Mon Feb 26 19:13:30 IST 2024</td>
</tr>
<tr><td>Total time:</td><td>72 seconds (72902 ms)</td>
</tr><tr>
<td>Included groups:</td><td></td>
</tr><tr>
<td>Excluded groups:</td><td></td>
</tr>
</table><p/>
<small><i>(Hover the method name to see the test class name)</i></small><p/>
<table width='100%' border='1' class='invocation-failed'>
<tr><td colspan='4' align='center'><b>FAILED TESTS</b></td></tr>
<tr><td><b>Test method</b></td>
<td width="30%"><b>Exception</b></td>
<td width="10%"><b>Time (seconds)</b></td>
<td><b>Instance</b></td>
</tr>
<tr>
<td title='mem.qa.testScripts.MemSettingPageTest.checkSaveBtnTest()'><b>checkSaveBtnTest</b><br>Test class: mem.qa.testScripts.MemSettingPageTest</td>
<td><div><pre>java.lang.AssertionError: expected [Pricing updated successfully] but found [Something went wrong while updating the pricing rules]
	at mem.qa.testScripts.MemSettingPageTest.checkSaveBtnTest(MemSettingPageTest.java:79)
	at java.base/java.util.ArrayList.forEach(ArrayList.java:1596)
... Removed 31 stack frames</pre></div><a href='#' onClick='toggleBox("stack-trace646445398", this, "Click to show all stack frames", "Click to hide stack frames")'>Click to show all stack frames</a>
<div class='stack-trace' id='stack-trace646445398'><pre>java.lang.AssertionError: expected [Pricing updated successfully] but found [Something went wrong while updating the pricing rules]
	at org.testng.Assert.fail(Assert.java:99)
	at org.testng.Assert.failNotEquals(Assert.java:1037)
	at org.testng.Assert.assertEqualsImpl(Assert.java:140)
	at org.testng.Assert.assertEquals(Assert.java:122)
	at org.testng.Assert.assertEquals(Assert.java:629)
	at org.testng.Assert.assertEquals(Assert.java:639)
	at mem.qa.testScripts.MemSettingPageTest.checkSaveBtnTest(MemSettingPageTest.java:79)
	at java.base/jdk.internal.reflect.DirectMethodHandleAccessor.invoke(DirectMethodHandleAccessor.java:103)
	at java.base/java.lang.reflect.Method.invoke(Method.java:580)
	at org.testng.internal.MethodInvocationHelper.invokeMethod(MethodInvocationHelper.java:133)
	at org.testng.internal.TestInvoker.invokeMethod(TestInvoker.java:598)
	at org.testng.internal.TestInvoker.invokeTestMethod(TestInvoker.java:173)
	at org.testng.internal.MethodRunner.runInSequence(MethodRunner.java:46)
	at org.testng.internal.TestInvoker$MethodInvocationAgent.invoke(TestInvoker.java:824)
	at org.testng.internal.TestInvoker.invokeTestMethods(TestInvoker.java:146)
	at org.testng.internal.TestMethodWorker.invokeTestMethods(TestMethodWorker.java:146)
	at org.testng.internal.TestMethodWorker.run(TestMethodWorker.java:128)
	at java.base/java.util.ArrayList.forEach(ArrayList.java:1596)
	at org.testng.TestRunner.privateRun(TestRunner.java:794)
	at org.testng.TestRunner.run(TestRunner.java:596)
	at org.testng.SuiteRunner.runTest(SuiteRunner.java:377)
	at org.testng.SuiteRunner.runSequentially(SuiteRunner.java:371)
	at org.testng.SuiteRunner.privateRun(SuiteRunner.java:332)
	at org.testng.SuiteRunner.run(SuiteRunner.java:276)
	at org.testng.SuiteRunnerWorker.runSuite(SuiteRunnerWorker.java:53)
	at org.testng.SuiteRunnerWorker.run(SuiteRunnerWorker.java:96)
	at org.testng.TestNG.runSuitesSequentially(TestNG.java:1212)
	at org.testng.TestNG.runSuitesLocally(TestNG.java:1134)
	at org.testng.TestNG.runSuites(TestNG.java:1063)
	at org.testng.TestNG.run(TestNG.java:1031)
	at org.testng.remote.AbstractRemoteTestNG.run(AbstractRemoteTestNG.java:115)
	at org.testng.remote.RemoteTestNG.initAndRun(RemoteTestNG.java:251)
	at org.testng.remote.RemoteTestNG.main(RemoteTestNG.java:77)
</pre></div></td>
<td>3</td>
<td>mem.qa.testScripts.MemSettingPageTest@6dc17b83</td></tr>
<tr>
<td title='mem.qa.testScripts.MemSettingPageTest.checkSaveAndUpdateTest()'><b>checkSaveAndUpdateTest</b><br>Test class: mem.qa.testScripts.MemSettingPageTest</td>
<td><div><pre>java.lang.AssertionError: expected [Pricing rules update in progress.] but found [Something went wrong while updating the pricing rules]
	at mem.qa.testScripts.MemSettingPageTest.checkSaveAndUpdateTest(MemSettingPageTest.java:84)
	at java.base/java.util.ArrayList.forEach(ArrayList.java:1596)
... Removed 31 stack frames</pre></div><a href='#' onClick='toggleBox("stack-trace1651689839", this, "Click to show all stack frames", "Click to hide stack frames")'>Click to show all stack frames</a>
<div class='stack-trace' id='stack-trace1651689839'><pre>java.lang.AssertionError: expected [Pricing rules update in progress.] but found [Something went wrong while updating the pricing rules]
	at org.testng.Assert.fail(Assert.java:99)
	at org.testng.Assert.failNotEquals(Assert.java:1037)
	at org.testng.Assert.assertEqualsImpl(Assert.java:140)
	at org.testng.Assert.assertEquals(Assert.java:122)
	at org.testng.Assert.assertEquals(Assert.java:629)
	at org.testng.Assert.assertEquals(Assert.java:639)
	at mem.qa.testScripts.MemSettingPageTest.checkSaveAndUpdateTest(MemSettingPageTest.java:84)
	at java.base/jdk.internal.reflect.DirectMethodHandleAccessor.invoke(DirectMethodHandleAccessor.java:103)
	at java.base/java.lang.reflect.Method.invoke(Method.java:580)
	at org.testng.internal.MethodInvocationHelper.invokeMethod(MethodInvocationHelper.java:133)
	at org.testng.internal.TestInvoker.invokeMethod(TestInvoker.java:598)
	at org.testng.internal.TestInvoker.invokeTestMethod(TestInvoker.java:173)
	at org.testng.internal.MethodRunner.runInSequence(MethodRunner.java:46)
	at org.testng.internal.TestInvoker$MethodInvocationAgent.invoke(TestInvoker.java:824)
	at org.testng.internal.TestInvoker.invokeTestMethods(TestInvoker.java:146)
	at org.testng.internal.TestMethodWorker.invokeTestMethods(TestMethodWorker.java:146)
	at org.testng.internal.TestMethodWorker.run(TestMethodWorker.java:128)
	at java.base/java.util.ArrayList.forEach(ArrayList.java:1596)
	at org.testng.TestRunner.privateRun(TestRunner.java:794)
	at org.testng.TestRunner.run(TestRunner.java:596)
	at org.testng.SuiteRunner.runTest(SuiteRunner.java:377)
	at org.testng.SuiteRunner.runSequentially(SuiteRunner.java:371)
	at org.testng.SuiteRunner.privateRun(SuiteRunner.java:332)
	at org.testng.SuiteRunner.run(SuiteRunner.java:276)
	at org.testng.SuiteRunnerWorker.runSuite(SuiteRunnerWorker.java:53)
	at org.testng.SuiteRunnerWorker.run(SuiteRunnerWorker.java:96)
	at org.testng.TestNG.runSuitesSequentially(TestNG.java:1212)
	at org.testng.TestNG.runSuitesLocally(TestNG.java:1134)
	at org.testng.TestNG.runSuites(TestNG.java:1063)
	at org.testng.TestNG.run(TestNG.java:1031)
	at org.testng.remote.AbstractRemoteTestNG.run(AbstractRemoteTestNG.java:115)
	at org.testng.remote.RemoteTestNG.initAndRun(RemoteTestNG.java:251)
	at org.testng.remote.RemoteTestNG.main(RemoteTestNG.java:77)
</pre></div></td>
<td>1</td>
<td>mem.qa.testScripts.MemSettingPageTest@6dc17b83</td></tr>
</table><p>
<table width='100%' border='1' class='invocation-passed'>
<tr><td colspan='4' align='center'><b>PASSED TESTS</b></td></tr>
<tr><td><b>Test method</b></td>
<td width="30%"><b>Exception</b></td>
<td width="10%"><b>Time (seconds)</b></td>
<td><b>Instance</b></td>
</tr>
<tr>
<td title='mem.qa.testScripts.MemSettingPageTest.checkSignOutBtnTest()'><b>checkSignOutBtnTest</b><br>Test class: mem.qa.testScripts.MemSettingPageTest</td>
<td></td>
<td>0</td>
<td>mem.qa.testScripts.MemSettingPageTest@6dc17b83</td></tr>
<tr>
<td title='mem.qa.testScripts.MemSettingPageTest.checkShopEmailTest()'><b>checkShopEmailTest</b><br>Test class: mem.qa.testScripts.MemSettingPageTest</td>
<td></td>
<td>0</td>
<td>mem.qa.testScripts.MemSettingPageTest@6dc17b83</td></tr>
<tr>
<td title='mem.qa.testScripts.MemSettingPageTest.checkShopURLTest()'><b>checkShopURLTest</b><br>Test class: mem.qa.testScripts.MemSettingPageTest</td>
<td></td>
<td>0</td>
<td>mem.qa.testScripts.MemSettingPageTest@6dc17b83</td></tr>
<tr>
<td title='mem.qa.testScripts.MemSettingPageTest.checkShopNameTest()'><b>checkShopNameTest</b><br>Test class: mem.qa.testScripts.MemSettingPageTest</td>
<td></td>
<td>0</td>
<td>mem.qa.testScripts.MemSettingPageTest@6dc17b83</td></tr>
<tr>
<td title='mem.qa.testScripts.MemSettingPageTest.checkPageTitleTest()'><b>checkPageTitleTest</b><br>Test class: mem.qa.testScripts.MemSettingPageTest</td>
<td></td>
<td>4</td>
<td>mem.qa.testScripts.MemSettingPageTest@6dc17b83</td></tr>
<tr>
<td title='mem.qa.testScripts.MemSettingPageTest.checkPageHeadingTest()'><b>checkPageHeadingTest</b><br>Test class: mem.qa.testScripts.MemSettingPageTest</td>
<td></td>
<td>0</td>
<td>mem.qa.testScripts.MemSettingPageTest@6dc17b83</td></tr>
<tr>
<td title='mem.qa.testScripts.LoginPage1Test.checkLoginTest()'><b>checkLoginTest</b><br>Test class: mem.qa.testScripts.LoginPage1Test</td>
<td></td>
<td>21</td>
<td>mem.qa.testScripts.LoginPage1Test@42e99e4a</td></tr>
<tr>
<td title='mem.qa.testScripts.MemSettingPageTest.checkVisibilityBtnTest()'><b>checkVisibilityBtnTest</b><br>Test class: mem.qa.testScripts.MemSettingPageTest</td>
<td></td>
<td>5</td>
<td>mem.qa.testScripts.MemSettingPageTest@6dc17b83</td></tr>
<tr>
<td title='mem.qa.testScripts.MemSettingPageTest.checkTitleGlobalPricinTest()'><b>checkTitleGlobalPricinTest</b><br>Test class: mem.qa.testScripts.MemSettingPageTest</td>
<td></td>
<td>0</td>
<td>mem.qa.testScripts.MemSettingPageTest@6dc17b83</td></tr>
<tr>
<td title='mem.qa.testScripts.LoginPage1Test.checkTitleTest()'><b>checkTitleTest</b><br>Test class: mem.qa.testScripts.LoginPage1Test</td>
<td></td>
<td>0</td>
<td>mem.qa.testScripts.LoginPage1Test@42e99e4a</td></tr>
<tr>
<td title='mem.qa.testScripts.MemSettingPageTest.checkShopifyPlanTest()'><b>checkShopifyPlanTest</b><br>Test class: mem.qa.testScripts.MemSettingPageTest</td>
<td></td>
<td>0</td>
<td>mem.qa.testScripts.MemSettingPageTest@6dc17b83</td></tr>
<tr>
<td title='mem.qa.testScripts.LoginPage1Test.checkselectStore()'><b>checkselectStore</b><br>Test class: mem.qa.testScripts.LoginPage1Test</td>
<td></td>
<td>12</td>
<td>mem.qa.testScripts.LoginPage1Test@42e99e4a</td></tr>
</table><p>
</body>
</html>